[2025-09-25 12:25:20,066] INFO  [1] Microsoft.Hosting.Lifetime ((null)) - Now listening on: https://localhost:7043
[2025-09-25 12:25:20,104] INFO  [1] Microsoft.Hosting.Lifetime ((null)) - Now listening on: http://localhost:5278
[2025-09-25 12:25:20,112] INFO  [1] Microsoft.Hosting.Lifetime ((null)) - Application started. Press Ctrl+C to shut down.
[2025-09-25 12:25:20,115] INFO  [1] Microsoft.Hosting.Lifetime ((null)) - Hosting environment: Development
[2025-09-25 12:25:20,120] INFO  [1] Microsoft.Hosting.Lifetime ((null)) - Content root path: C:\Personal\Hexa_19_Aug_25\Hexa_21_Aug_25\Auth_Demo1
[2025-09-25 12:49:24,091] INFO  [1] Microsoft.Hosting.Lifetime ((null)) - Now listening on: https://localhost:7043
[2025-09-25 12:49:24,118] INFO  [1] Microsoft.Hosting.Lifetime ((null)) - Now listening on: http://localhost:5278
[2025-09-25 12:49:24,124] INFO  [1] Microsoft.Hosting.Lifetime ((null)) - Application started. Press Ctrl+C to shut down.
[2025-09-25 12:49:24,127] INFO  [1] Microsoft.Hosting.Lifetime ((null)) - Hosting environment: Development
[2025-09-25 12:49:24,130] INFO  [1] Microsoft.Hosting.Lifetime ((null)) - Content root path: C:\Personal\Hexa_19_Aug_25\Hexa_21_Aug_25\Auth_Demo1
[2025-09-25 12:50:56,107] INFO  [20] Microsoft.EntityFrameworkCore.Database.Command ((null)) - Executed DbCommand (45ms) [Parameters=[], CommandType='Text', CommandTimeout='30']
SELECT [p].[product_id], [p].[brand_id], [p].[category_id], [p].[list_price], [p].[model_year], [p].[product_name]
FROM [production].[products] AS [p]
[2025-09-25 12:50:56,277] INFO  [16] Microsoft.EntityFrameworkCore.Database.Command ((null)) - Executed DbCommand (4ms) [Parameters=[], CommandType='Text', CommandTimeout='30']
SELECT [p].[product_id], [p].[brand_id], [p].[category_id], [p].[list_price], [p].[model_year], [p].[product_name]
FROM [production].[products] AS [p]
[2025-09-25 12:51:07,807] INFO  [18] Microsoft.EntityFrameworkCore.Database.Command ((null)) - Executed DbCommand (23ms) [Parameters=[@__name_0_contains='?' (Size = 255) (DbType = AnsiString)], CommandType='Text', CommandTimeout='30']
SELECT [p].[product_id], [p].[brand_id], [p].[category_id], [p].[list_price], [p].[model_year], [p].[product_name]
FROM [production].[products] AS [p]
WHERE [p].[product_name] LIKE @__name_0_contains ESCAPE '\'
[2025-09-25 13:14:46,261] INFO  [1] Microsoft.Hosting.Lifetime ((null)) - Now listening on: https://localhost:7043
[2025-09-25 13:14:46,290] INFO  [1] Microsoft.Hosting.Lifetime ((null)) - Now listening on: http://localhost:5278
[2025-09-25 13:14:46,295] INFO  [1] Microsoft.Hosting.Lifetime ((null)) - Application started. Press Ctrl+C to shut down.
[2025-09-25 13:14:46,298] INFO  [1] Microsoft.Hosting.Lifetime ((null)) - Hosting environment: Development
[2025-09-25 13:14:46,300] INFO  [1] Microsoft.Hosting.Lifetime ((null)) - Content root path: C:\Personal\Hexa_19_Aug_25\Hexa_21_Aug_25\Auth_Demo1
[2025-09-25 13:19:18,911] INFO  [23] Microsoft.EntityFrameworkCore.Database.Command ((null)) - Executed DbCommand (23ms) [Parameters=[], CommandType='Text', CommandTimeout='30']
SELECT [p].[product_id], [p].[brand_id], [p].[category_id], [p].[list_price], [p].[model_year], [p].[product_name]
FROM [production].[products] AS [p]
[2025-09-25 13:19:19,059] INFO  [26] Microsoft.EntityFrameworkCore.Database.Command ((null)) - Executed DbCommand (13ms) [Parameters=[], CommandType='Text', CommandTimeout='30']
SELECT [p].[product_id], [p].[brand_id], [p].[category_id], [p].[list_price], [p].[model_year], [p].[product_name]
FROM [production].[products] AS [p]
[2025-09-25 13:23:28,608] INFO  [25] Microsoft.EntityFrameworkCore.Database.Command ((null)) - Executed DbCommand (2ms) [Parameters=[], CommandType='Text', CommandTimeout='30']
SELECT [p].[product_id], [p].[brand_id], [p].[category_id], [p].[list_price], [p].[model_year], [p].[product_name]
FROM [production].[products] AS [p]
[2025-09-25 13:23:28,628] INFO  [23] Microsoft.EntityFrameworkCore.Database.Command ((null)) - Executed DbCommand (2ms) [Parameters=[], CommandType='Text', CommandTimeout='30']
SELECT [p].[product_id], [p].[brand_id], [p].[category_id], [p].[list_price], [p].[model_year], [p].[product_name]
FROM [production].[products] AS [p]
[2025-09-25 13:23:41,685] INFO  [26] Microsoft.EntityFrameworkCore.Database.Command ((null)) - Executed DbCommand (2ms) [Parameters=[], CommandType='Text', CommandTimeout='30']
SELECT [p].[product_id], [p].[brand_id], [p].[category_id], [p].[list_price], [p].[model_year], [p].[product_name]
FROM [production].[products] AS [p]
[2025-09-25 13:23:41,736] INFO  [18] Microsoft.EntityFrameworkCore.Database.Command ((null)) - Executed DbCommand (2ms) [Parameters=[], CommandType='Text', CommandTimeout='30']
SELECT [p].[product_id], [p].[brand_id], [p].[category_id], [p].[list_price], [p].[model_year], [p].[product_name]
FROM [production].[products] AS [p]
[2025-09-25 13:24:18,600] INFO  [21] Microsoft.EntityFrameworkCore.Database.Command ((null)) - Executed DbCommand (4ms) [Parameters=[], CommandType='Text', CommandTimeout='30']
SELECT [p].[product_id], [p].[brand_id], [p].[category_id], [p].[list_price], [p].[model_year], [p].[product_name]
FROM [production].[products] AS [p]
[2025-09-25 13:24:18,618] INFO  [28] Microsoft.EntityFrameworkCore.Database.Command ((null)) - Executed DbCommand (2ms) [Parameters=[], CommandType='Text', CommandTimeout='30']
SELECT [p].[product_id], [p].[brand_id], [p].[category_id], [p].[list_price], [p].[model_year], [p].[product_name]
FROM [production].[products] AS [p]
[2025-09-25 13:24:22,983] INFO  [28] Microsoft.EntityFrameworkCore.Database.Command ((null)) - Executed DbCommand (3ms) [Parameters=[], CommandType='Text', CommandTimeout='30']
SELECT [p].[product_id], [p].[brand_id], [p].[category_id], [p].[list_price], [p].[model_year], [p].[product_name]
FROM [production].[products] AS [p]
[2025-09-25 13:24:23,001] INFO  [25] Microsoft.EntityFrameworkCore.Database.Command ((null)) - Executed DbCommand (1ms) [Parameters=[], CommandType='Text', CommandTimeout='30']
SELECT [p].[product_id], [p].[brand_id], [p].[category_id], [p].[list_price], [p].[model_year], [p].[product_name]
FROM [production].[products] AS [p]
[2025-09-25 13:24:29,629] INFO  [21] Microsoft.EntityFrameworkCore.Database.Command ((null)) - Executed DbCommand (2ms) [Parameters=[], CommandType='Text', CommandTimeout='30']
SELECT [p].[product_id], [p].[brand_id], [p].[category_id], [p].[list_price], [p].[model_year], [p].[product_name]
FROM [production].[products] AS [p]
[2025-09-25 13:24:29,642] INFO  [25] Microsoft.EntityFrameworkCore.Database.Command ((null)) - Executed DbCommand (2ms) [Parameters=[], CommandType='Text', CommandTimeout='30']
SELECT [p].[product_id], [p].[brand_id], [p].[category_id], [p].[list_price], [p].[model_year], [p].[product_name]
FROM [production].[products] AS [p]
[2025-09-25 13:25:58,615] INFO  [25] Microsoft.EntityFrameworkCore.Database.Command ((null)) - Executed DbCommand (6ms) [Parameters=[], CommandType='Text', CommandTimeout='30']
SELECT [p].[product_id], [p].[brand_id], [p].[category_id], [p].[list_price], [p].[model_year], [p].[product_name]
FROM [production].[products] AS [p]
[2025-09-25 13:25:58,628] INFO  [30] Microsoft.EntityFrameworkCore.Database.Command ((null)) - Executed DbCommand (1ms) [Parameters=[], CommandType='Text', CommandTimeout='30']
SELECT [p].[product_id], [p].[brand_id], [p].[category_id], [p].[list_price], [p].[model_year], [p].[product_name]
FROM [production].[products] AS [p]
[2025-09-25 13:26:22,034] INFO  [31] Microsoft.EntityFrameworkCore.Database.Command ((null)) - Executed DbCommand (35ms) [Parameters=[@p5='?' (DbType = Int32), @p0='?' (DbType = Int32), @p1='?' (DbType = Int32), @p2='?' (Precision = 10) (Scale = 2) (DbType = Decimal), @p3='?' (DbType = Int16), @p4='?' (Size = 255) (DbType = AnsiString)], CommandType='Text', CommandTimeout='30']
SET IMPLICIT_TRANSACTIONS OFF;
SET NOCOUNT ON;
UPDATE [production].[products] SET [brand_id] = @p0, [category_id] = @p1, [list_price] = @p2, [model_year] = @p3, [product_name] = @p4
OUTPUT 1
WHERE [product_id] = @p5;
[2025-09-25 13:26:22,085] INFO  [29] Microsoft.EntityFrameworkCore.Database.Command ((null)) - Executed DbCommand (3ms) [Parameters=[], CommandType='Text', CommandTimeout='30']
SELECT [p].[product_id], [p].[brand_id], [p].[category_id], [p].[list_price], [p].[model_year], [p].[product_name]
FROM [production].[products] AS [p]
[2025-09-25 13:26:22,095] INFO  [29] Microsoft.EntityFrameworkCore.Database.Command ((null)) - Executed DbCommand (1ms) [Parameters=[], CommandType='Text', CommandTimeout='30']
SELECT [p].[product_id], [p].[brand_id], [p].[category_id], [p].[list_price], [p].[model_year], [p].[product_name]
FROM [production].[products] AS [p]
[2025-09-25 15:18:26,813] INFO  [19] Microsoft.EntityFrameworkCore.Database.Command ((null)) - Executed DbCommand (3ms) [Parameters=[], CommandType='Text', CommandTimeout='30']
SELECT [p].[product_id], [p].[brand_id], [p].[category_id], [p].[list_price], [p].[model_year], [p].[product_name]
FROM [production].[products] AS [p]
[2025-09-25 15:18:26,825] INFO  [23] Microsoft.EntityFrameworkCore.Database.Command ((null)) - Executed DbCommand (1ms) [Parameters=[], CommandType='Text', CommandTimeout='30']
SELECT [p].[product_id], [p].[brand_id], [p].[category_id], [p].[list_price], [p].[model_year], [p].[product_name]
FROM [production].[products] AS [p]
[2025-09-25 15:23:46,947] INFO  [10] Microsoft.EntityFrameworkCore.Database.Command ((null)) - Executed DbCommand (3ms) [Parameters=[], CommandType='Text', CommandTimeout='30']
SELECT [p].[product_id], [p].[brand_id], [p].[category_id], [p].[list_price], [p].[model_year], [p].[product_name]
FROM [production].[products] AS [p]
[2025-09-25 15:23:46,956] INFO  [23] Microsoft.EntityFrameworkCore.Database.Command ((null)) - Executed DbCommand (1ms) [Parameters=[], CommandType='Text', CommandTimeout='30']
SELECT [p].[product_id], [p].[brand_id], [p].[category_id], [p].[list_price], [p].[model_year], [p].[product_name]
FROM [production].[products] AS [p]
[2025-09-25 15:33:46,148] INFO  [30] Microsoft.EntityFrameworkCore.Database.Command ((null)) - Executed DbCommand (4ms) [Parameters=[], CommandType='Text', CommandTimeout='30']
SELECT [p].[product_id], [p].[brand_id], [p].[category_id], [p].[list_price], [p].[model_year], [p].[product_name]
FROM [production].[products] AS [p]
[2025-09-25 15:33:46,162] INFO  [23] Microsoft.EntityFrameworkCore.Database.Command ((null)) - Executed DbCommand (2ms) [Parameters=[], CommandType='Text', CommandTimeout='30']
SELECT [p].[product_id], [p].[brand_id], [p].[category_id], [p].[list_price], [p].[model_year], [p].[product_name]
FROM [production].[products] AS [p]
[2025-09-25 15:33:56,828] INFO  [18] Microsoft.EntityFrameworkCore.Database.Command ((null)) - Executed DbCommand (3ms) [Parameters=[@__name_0_contains='?' (Size = 255) (DbType = AnsiString)], CommandType='Text', CommandTimeout='30']
SELECT [p].[product_id], [p].[brand_id], [p].[category_id], [p].[list_price], [p].[model_year], [p].[product_name]
FROM [production].[products] AS [p]
WHERE [p].[product_name] LIKE @__name_0_contains ESCAPE '\'
[2025-09-25 15:34:13,605] INFO  [7] Microsoft.EntityFrameworkCore.Database.Command ((null)) - Executed DbCommand (4ms) [Parameters=[@p5='?' (DbType = Int32), @p0='?' (DbType = Int32), @p1='?' (DbType = Int32), @p2='?' (Precision = 10) (Scale = 2) (DbType = Decimal), @p3='?' (DbType = Int16), @p4='?' (Size = 255) (DbType = AnsiString)], CommandType='Text', CommandTimeout='30']
SET IMPLICIT_TRANSACTIONS OFF;
SET NOCOUNT ON;
UPDATE [production].[products] SET [brand_id] = @p0, [category_id] = @p1, [list_price] = @p2, [model_year] = @p3, [product_name] = @p4
OUTPUT 1
WHERE [product_id] = @p5;
[2025-09-25 15:34:13,628] INFO  [18] Microsoft.EntityFrameworkCore.Database.Command ((null)) - Executed DbCommand (1ms) [Parameters=[], CommandType='Text', CommandTimeout='30']
SELECT [p].[product_id], [p].[brand_id], [p].[category_id], [p].[list_price], [p].[model_year], [p].[product_name]
FROM [production].[products] AS [p]
[2025-09-25 15:34:13,642] INFO  [18] Microsoft.EntityFrameworkCore.Database.Command ((null)) - Executed DbCommand (3ms) [Parameters=[], CommandType='Text', CommandTimeout='30']
SELECT [p].[product_id], [p].[brand_id], [p].[category_id], [p].[list_price], [p].[model_year], [p].[product_name]
FROM [production].[products] AS [p]
